<?xml version="1.0" encoding="UTF-8"?>
<testng-results ignored="0" total="12" passed="12" failed="0" skipped="0">
  <reporter-output>
  </reporter-output>
  <suite started-at="2023-07-12T14:35:08 IST" name="Suite" finished-at="2023-07-12T14:38:32 IST" duration-ms="203205">
    <groups>
    </groups>
    <test started-at="2023-07-12T14:35:08 IST" name="Test" finished-at="2023-07-12T14:37:23 IST" duration-ms="134164">
      <class name="emiCalculatorTest.CarEmiTest">
        <test-method signature="carEMI()[pri:2, instance:emiCalculatorTest.CarEmiTest@24b6b8f6]" started-at="2023-07-12T14:36:19 IST" name="carEMI" finished-at="2023-07-12T14:36:30 IST" duration-ms="11261" status="PASS">
          <reporter-output>
          </reporter-output>
        </test-method> <!-- carEMI -->
      </class> <!-- emiCalculatorTest.CarEmiTest -->
      <class name="emiCalculator.Base.EMIBase">
        <test-method signature="launchBrowser(java.lang.String)[pri:1, instance:emiCalculator.Base.EMIBase@6821ea29]" started-at="2023-07-12T14:35:08 IST" name="launchBrowser" finished-at="2023-07-12T14:36:19 IST" duration-ms="70166" status="PASS">
          <params>
            <param index="0">
              <value>
                <![CDATA[chrome]]>
              </value>
            </param>
          </params>
          <reporter-output>
          </reporter-output>
        </test-method> <!-- launchBrowser -->
        <test-method is-config="true" signature="closeBrowser()[pri:0, instance:emiCalculator.Base.EMIBase@6821ea29]" started-at="2023-07-12T14:37:21 IST" name="closeBrowser" finished-at="2023-07-12T14:37:23 IST" duration-ms="1392" status="PASS">
          <reporter-output>
          </reporter-output>
        </test-method> <!-- closeBrowser -->
      </class> <!-- emiCalculator.Base.EMIBase -->
      <class name="emiCalculatorTest.ValidationTest">
        <test-method signature="EMICalculator()[pri:0, instance:emiCalculatorTest.ValidationTest@4ee37ca3]" started-at="2023-07-12T14:36:44 IST" name="EMICalculator" finished-at="2023-07-12T14:36:58 IST" depends-on-methods="emiCalculatorTest.HomeLoanTest.homeLoan" duration-ms="14350" status="PASS">
          <reporter-output>
          </reporter-output>
        </test-method> <!-- EMICalculator -->
        <test-method signature="loanAmountCalculator()[pri:0, instance:emiCalculatorTest.ValidationTest@4ee37ca3]" started-at="2023-07-12T14:36:58 IST" name="loanAmountCalculator" finished-at="2023-07-12T14:37:10 IST" depends-on-methods="emiCalculatorTest.ValidationTest.EMICalculator" duration-ms="12188" status="PASS">
          <reporter-output>
          </reporter-output>
        </test-method> <!-- loanAmountCalculator -->
        <test-method signature="loanTenureCalculator()[pri:0, instance:emiCalculatorTest.ValidationTest@4ee37ca3]" started-at="2023-07-12T14:37:10 IST" name="loanTenureCalculator" finished-at="2023-07-12T14:37:21 IST" depends-on-methods="emiCalculatorTest.ValidationTest.loanAmountCalculator" duration-ms="10763" status="PASS">
          <reporter-output>
          </reporter-output>
        </test-method> <!-- loanTenureCalculator -->
      </class> <!-- emiCalculatorTest.ValidationTest -->
      <class name="emiCalculatorTest.HomeLoanTest">
        <test-method signature="homeLoan()[pri:0, instance:emiCalculatorTest.HomeLoanTest@72cf2de5]" started-at="2023-07-12T14:36:30 IST" name="homeLoan" finished-at="2023-07-12T14:36:44 IST" depends-on-methods="emiCalculatorTest.CarEmiTest.carEMI" duration-ms="13915" status="PASS">
          <reporter-output>
          </reporter-output>
        </test-method> <!-- homeLoan -->
      </class> <!-- emiCalculatorTest.HomeLoanTest -->
    </test> <!-- Test -->
    <test started-at="2023-07-12T14:37:23 IST" name="Test1" finished-at="2023-07-12T14:38:32 IST" duration-ms="68568">
      <class name="emiCalculatorTest.CarEmiTest">
        <test-method signature="carEMI()[pri:2, instance:emiCalculatorTest.CarEmiTest@5bfa8cc5]" started-at="2023-07-12T14:37:33 IST" name="carEMI" finished-at="2023-07-12T14:37:43 IST" duration-ms="10808" status="PASS">
          <reporter-output>
          </reporter-output>
        </test-method> <!-- carEMI -->
      </class> <!-- emiCalculatorTest.CarEmiTest -->
      <class name="emiCalculator.Base.EMIBase">
        <test-method signature="launchBrowser(java.lang.String)[pri:1, instance:emiCalculator.Base.EMIBase@55b5f5d2]" started-at="2023-07-12T14:37:23 IST" name="launchBrowser" finished-at="2023-07-12T14:37:33 IST" duration-ms="9497" status="PASS">
          <params>
            <param index="0">
              <value>
                <![CDATA[edge]]>
              </value>
            </param>
          </params>
          <reporter-output>
          </reporter-output>
        </test-method> <!-- launchBrowser -->
        <test-method is-config="true" signature="closeBrowser()[pri:0, instance:emiCalculator.Base.EMIBase@55b5f5d2]" started-at="2023-07-12T14:38:30 IST" name="closeBrowser" finished-at="2023-07-12T14:38:32 IST" duration-ms="1550" status="PASS">
          <reporter-output>
          </reporter-output>
        </test-method> <!-- closeBrowser -->
      </class> <!-- emiCalculator.Base.EMIBase -->
      <class name="emiCalculatorTest.ValidationTest">
        <test-method signature="EMICalculator()[pri:0, instance:emiCalculatorTest.ValidationTest@749c877b]" started-at="2023-07-12T14:37:54 IST" name="EMICalculator" finished-at="2023-07-12T14:38:08 IST" depends-on-methods="emiCalculatorTest.HomeLoanTest.homeLoan" duration-ms="13899" status="PASS">
          <reporter-output>
          </reporter-output>
        </test-method> <!-- EMICalculator -->
        <test-method signature="loanAmountCalculator()[pri:0, instance:emiCalculatorTest.ValidationTest@749c877b]" started-at="2023-07-12T14:38:08 IST" name="loanAmountCalculator" finished-at="2023-07-12T14:38:19 IST" depends-on-methods="emiCalculatorTest.ValidationTest.EMICalculator" duration-ms="11732" status="PASS">
          <reporter-output>
          </reporter-output>
        </test-method> <!-- loanAmountCalculator -->
        <test-method signature="loanTenureCalculator()[pri:0, instance:emiCalculatorTest.ValidationTest@749c877b]" started-at="2023-07-12T14:38:19 IST" name="loanTenureCalculator" finished-at="2023-07-12T14:38:30 IST" depends-on-methods="emiCalculatorTest.ValidationTest.loanAmountCalculator" duration-ms="10600" status="PASS">
          <reporter-output>
          </reporter-output>
        </test-method> <!-- loanTenureCalculator -->
      </class> <!-- emiCalculatorTest.ValidationTest -->
      <class name="emiCalculatorTest.HomeLoanTest">
        <test-method signature="homeLoan()[pri:0, instance:emiCalculatorTest.HomeLoanTest@666b83a4]" started-at="2023-07-12T14:37:43 IST" name="homeLoan" finished-at="2023-07-12T14:37:54 IST" depends-on-methods="emiCalculatorTest.CarEmiTest.carEMI" duration-ms="10463" status="PASS">
          <reporter-output>
          </reporter-output>
        </test-method> <!-- homeLoan -->
      </class> <!-- emiCalculatorTest.HomeLoanTest -->
    </test> <!-- Test1 -->
  </suite> <!-- Suite -->
</testng-results>
