<?xml version="1.0" encoding="UTF-8"?>
<!-- Generated by org.testng.reporters.JUnitXMLReporter -->
<testsuite ignored="0" hostname="LTIN408297" failures="0" tests="10" name="Default test" time="24.849" errors="0" timestamp="2023-07-19T22:18:13 IST">
  <testcase classname="Test.TestCases" name="searchBookShelves" time="4.679"/>
  <testcase classname="Test.TestCases" name="category" time="2.326"/>
  <testcase classname="Test.TestCases" name="price" time="2.864"/>
  <testcase classname="Test.TestCases" name="excludeOutOfStock" time="2.119"/>
  <testcase classname="Test.TestCases" name="display_1st_Three_Results" time="2.171"/>
  <testcase classname="Test.TestCases" name="sofasAndReclinders_Menu" time="1.142"/>
  <testcase classname="Test.TestCases" name="extractSub_Menus" time="0.123"/>
  <testcase classname="Test.TestCases" name="printSub_Menus" time="0.198"/>
  <testcase classname="Test.TestCases" name="customizeGiftCards" time="5.636"/>
  <testcase classname="Test.TestCases" name="fillDetails" time="3.53"/>
</testsuite> <!-- Default test -->
