<?xml version="1.0" encoding="UTF-8"?>
<!-- Generated by org.testng.reporters.JUnitXMLReporter -->
<testsuite ignored="0" hostname="LTIN448048" failures="0" tests="6" name="Test" time="134.164" errors="0" timestamp="2023-07-12T14:37:23 IST">
  <testcase classname="emiCalculator.Base.EMIBase" name="launchBrowser" time="70.166"/>
  <testcase classname="emiCalculatorTest.CarEmiTest" name="carEMI" time="11.261"/>
  <testcase classname="emiCalculatorTest.HomeLoanTest" name="homeLoan" time="13.915"/>
  <testcase classname="emiCalculatorTest.ValidationTest" name="EMICalculator" time="14.35"/>
  <testcase classname="emiCalculatorTest.ValidationTest" name="loanAmountCalculator" time="12.188"/>
  <testcase classname="emiCalculatorTest.ValidationTest" name="loanTenureCalculator" time="10.763"/>
</testsuite> <!-- Test -->
