<?xml version="1.0" encoding="UTF-8"?>
<!-- Generated by org.testng.reporters.JUnitXMLReporter -->
<testsuite ignored="0" hostname="LTIN448048" failures="0" tests="6" name="Test1" time="68.568" errors="0" timestamp="2023-07-12T14:38:32 IST">
  <testcase classname="emiCalculator.Base.EMIBase" name="launchBrowser" time="9.497"/>
  <testcase classname="emiCalculatorTest.CarEmiTest" name="carEMI" time="10.808"/>
  <testcase classname="emiCalculatorTest.HomeLoanTest" name="homeLoan" time="10.463"/>
  <testcase classname="emiCalculatorTest.ValidationTest" name="EMICalculator" time="13.899"/>
  <testcase classname="emiCalculatorTest.ValidationTest" name="loanAmountCalculator" time="11.732"/>
  <testcase classname="emiCalculatorTest.ValidationTest" name="loanTenureCalculator" time="10.6"/>
</testsuite> <!-- Test1 -->
