<?xml version="1.0" encoding="UTF-8"?>
<!-- Generated by org.testng.reporters.JUnitXMLReporter -->
<testsuite ignored="0" hostname="LTIN448048" failures="0" tests="13" name="TripCost" time="170.54" errors="0" timestamp="2023-07-20T15:43:25 IST">
  <testcase classname="TestScenarios.TestCases" name="clickingHolidayHomeslink" time="0.423"/>
  <testcase classname="TestScenarios.TestCases" name="enteringCityName" time="3.297"/>
  <testcase classname="TestScenarios.TestCases" name="clickingCityName" time="28.827"/>
  <testcase classname="TestScenarios.TestCases" name="sortBy" time="1.649"/>
  <testcase classname="TestScenarios.TestCases" name="selectingElevator" time="1.619"/>
  <testcase classname="TestScenarios.TestCases" name="selectCheckInDate" time="0.623"/>
  <testcase classname="TestScenarios.TestCases" name="selectCheckOutDate" time="1.281"/>
  <testcase classname="TestScenarios.TestCases" name="addingguests" time="7.669"/>
  <testcase classname="TestScenarios.TestCases" name="printHotelDetails" time="3.818"/>
  <testcase classname="TestScenarios.TestCases" name="selectCruiseLine" time="40.695"/>
  <testcase classname="TestScenarios.TestCases" name="selectCruiseShip" time="30.557"/>
  <testcase classname="TestScenarios.TestCases" name="searchCruises" time="31.713"/>
  <testcase classname="TestScenarios.TestCases" name="extractDetails_Cruise" time="0.015"/>
</testsuite> <!-- TripCost -->
